<?xml version="1.0" encoding="UTF-8" ?>
<testsuite failures="0" time="0" errors="0" skipped="0" tests="1" name="com.quantum.matcher.AppTest">
  <properties>
    <property name="java.runtime.name" value="Java(TM) SE Runtime Environment"/>
    <property name="sun.boot.library.path" value="D:\Program Files\Java\jdk1.6.0_22\jre\bin"/>
    <property name="java.vm.version" value="17.1-b03"/>
    <property name="java.vm.vendor" value="Sun Microsystems Inc."/>
    <property name="java.vendor.url" value="http://java.sun.com/"/>
    <property name="path.separator" value=";"/>
    <property name="java.vm.name" value="Java HotSpot(TM) Client VM"/>
    <property name="file.encoding.pkg" value="sun.io"/>
    <property name="user.country" value="FR"/>
    <property name="sun.java.launcher" value="SUN_STANDARD"/>
    <property name="sun.os.patch.level" value="Service Pack 3"/>
    <property name="java.vm.specification.name" value="Java Virtual Machine Specification"/>
    <property name="user.dir" value="C:\workspace\matcher"/>
    <property name="java.runtime.version" value="1.6.0_22-b04"/>
    <property name="java.awt.graphicsenv" value="sun.awt.Win32GraphicsEnvironment"/>
    <property name="basedir" value="C:\workspace\matcher"/>
    <property name="java.endorsed.dirs" value="D:\Program Files\Java\jdk1.6.0_22\jre\lib\endorsed"/>
    <property name="os.arch" value="x86"/>
    <property name="surefire.real.class.path" value="C:\workspace\matcher\target\surefire\surefirebooter6040308488293755981.jar"/>
    <property name="java.io.tmpdir" value="D:\DOCUME~1\PASCAL~1\LOCALS~1\Temp\"/>
    <property name="line.separator" value="
"/>
    <property name="java.vm.specification.vendor" value="Sun Microsystems Inc."/>
    <property name="user.variant" value=""/>
    <property name="os.name" value="Windows XP"/>
    <property name="sun.jnu.encoding" value="Cp1252"/>
    <property name="java.library.path" value="D:\Program Files\Java\jdk1.6.0_22\jre\bin;.;D:\WINDOWS\Sun\Java\bin;D:\WINDOWS\system32;D:\WINDOWS;D:\Program Files\Java\jdk1.6.0_22\\bin;D:\Program Files\ImageMagick-6.5.7-Q16;D:\Program Files\Fichiers communs\Microsoft Shared\Windows Live;D:\Program Files\PC Connectivity Solution\;D:\WINDOWS\SYSTEM32;D:\WINDOWS;D:\WINDOWS\SYSTEM32\WBEM;D:\WINDOWS;D:\WINDOWS\SYSTEM32\WBEM;D:\WINDOWS\SYSTEM32;;D:\Program Files\Samsung\Samsung PC Studio 3\;D:\WINDOWS\system32\WindowsPowerShell\v1.0;d:\Program Files\Microsoft SQL Server\90\Tools\bin\;D:\Program Files\Bitvise Tunnelier;D:\Program Files\QuickTime\QTSystem\;C:\workspace\apache-maven-3.0.2-bin\apache-maven-3.0.2\bin;D:\Documents and Settings\Pascal Dergane\Mes documents\Downloads\agntctrl.win_ia32-TPTP-4.1.0\bin;D:\Program Files\Fichiers communs\Microsoft Shared\Windows Live"/>
    <property name="surefire.test.class.path" value="C:\workspace\matcher\target\test-classes;C:\workspace\matcher\target\classes;D:\Documents and Settings\Pascal Dergane\.m2\repository\junit\junit\3.8.1\junit-3.8.1.jar;D:\Documents and Settings\Pascal Dergane\.m2\repository\org\apache\commons\commons-math\2.1\commons-math-2.1.jar;"/>
    <property name="java.specification.name" value="Java Platform API Specification"/>
    <property name="java.class.version" value="50.0"/>
    <property name="sun.management.compiler" value="HotSpot Client Compiler"/>
    <property name="os.version" value="5.1"/>
    <property name="user.home" value="D:\Documents and Settings\Pascal Dergane"/>
    <property name="user.timezone" value="Europe/Paris"/>
    <property name="java.awt.printerjob" value="sun.awt.windows.WPrinterJob"/>
    <property name="java.specification.version" value="1.6"/>
    <property name="file.encoding" value="Cp1252"/>
    <property name="user.name" value="Pascal Dergane"/>
    <property name="java.class.path" value="C:\workspace\matcher\target\test-classes;C:\workspace\matcher\target\classes;D:\Documents and Settings\Pascal Dergane\.m2\repository\junit\junit\3.8.1\junit-3.8.1.jar;D:\Documents and Settings\Pascal Dergane\.m2\repository\org\apache\commons\commons-math\2.1\commons-math-2.1.jar;"/>
    <property name="java.vm.specification.version" value="1.0"/>
    <property name="sun.arch.data.model" value="32"/>
    <property name="java.home" value="D:\Program Files\Java\jdk1.6.0_22\jre"/>
    <property name="java.specification.vendor" value="Sun Microsystems Inc."/>
    <property name="user.language" value="fr"/>
    <property name="awt.toolkit" value="sun.awt.windows.WToolkit"/>
    <property name="java.vm.info" value="mixed mode, sharing"/>
    <property name="java.version" value="1.6.0_22"/>
    <property name="java.ext.dirs" value="D:\Program Files\Java\jdk1.6.0_22\jre\lib\ext;D:\WINDOWS\Sun\Java\lib\ext"/>
    <property name="sun.boot.class.path" value="D:\Program Files\Java\jdk1.6.0_22\jre\lib\resources.jar;D:\Program Files\Java\jdk1.6.0_22\jre\lib\rt.jar;D:\Program Files\Java\jdk1.6.0_22\jre\lib\sunrsasign.jar;D:\Program Files\Java\jdk1.6.0_22\jre\lib\jsse.jar;D:\Program Files\Java\jdk1.6.0_22\jre\lib\jce.jar;D:\Program Files\Java\jdk1.6.0_22\jre\lib\charsets.jar;D:\Program Files\Java\jdk1.6.0_22\jre\classes"/>
    <property name="java.vendor" value="Sun Microsystems Inc."/>
    <property name="localRepository" value="D:\Documents and Settings\Pascal Dergane\.m2\repository"/>
    <property name="file.separator" value="\"/>
    <property name="java.vendor.url.bug" value="http://java.sun.com/cgi-bin/bugreport.cgi"/>
    <property name="sun.cpu.endian" value="little"/>
    <property name="sun.io.unicode.encoding" value="UnicodeLittle"/>
    <property name="sun.desktop" value="windows"/>
    <property name="sun.cpu.isalist" value="pentium_pro+mmx pentium_pro pentium+mmx pentium i486 i386 i86"/>
  </properties>
  <testcase time="0" classname="com.quantum.matcher.AppTest" name="testApp"/>
</testsuite>